This is pdfTeX, Version 3.141592653-2.6-1.40.22 (MiKTeX 21.2) (preloaded format=pdflatex 2021.2.21)  24 JUN 2021 00:21
entering extended mode
**./hyperspectral_imaging_paper.tex
(hyperspectral_imaging_paper.tex
LaTeX2e <2020-10-01> patch level 4
L3 programming layer <2021-02-18> xparse <2020-03-03> (asme2ej.cls

LaTeX Warning: You have requested document class `asme2ej',
               but the document class provides `asme2e'.

Document Class: asme2e 2001/2/14 v2.0 Standard LaTeX document class
(C:\Users\Admin\AppData\Local\Programs\MiKTeX\tex/latex/base\ifthen.sty
Package: ifthen 2014/09/29 v1.1c Standard LaTeX ifthen package (DPC)
)
(C:\Users\Admin\AppData\Local\Programs\MiKTeX\tex/latex/psnfss\times.sty
Package: times 2020/03/25 PSNFSS-v9.3 (SPQR) 
)
(C:\Users\Admin\AppData\Local\Programs\MiKTeX\tex/latex/psnfss\mathptm.sty
Package: mathptm 2020/03/25 PSNFSS-v9.3 Times w/ Math (SPQR, WaS) 


Package mathptm Warning: This package is to be regarded as obsolete.
(mathptm)                See the PSNFSS documentation.

LaTeX Font Info:    Redeclaring symbol font `operators' on input line 31.
LaTeX Font Info:    Overwriting symbol font `operators' in version `normal'
(Font)                  OT1/cmr/m/n --> OT1/ptmcm/m/n on input line 31.
LaTeX Font Info:    Overwriting symbol font `operators' in version `bold'
(Font)                  OT1/cmr/bx/n --> OT1/ptmcm/m/n on input line 31.
LaTeX Font Info:    Redeclaring symbol font `letters' on input line 32.
LaTeX Font Info:    Overwriting symbol font `letters' in version `normal'
(Font)                  OML/cmm/m/it --> OML/ptmcm/m/it on input line 32.
LaTeX Font Info:    Overwriting symbol font `letters' in version `bold'
(Font)                  OML/cmm/b/it --> OML/ptmcm/m/it on input line 32.
LaTeX Font Info:    Redeclaring symbol font `symbols' on input line 33.
LaTeX Font Info:    Overwriting symbol font `symbols' in version `normal'
(Font)                  OMS/cmsy/m/n --> OMS/pzccm/m/n on input line 33.
LaTeX Font Info:    Overwriting symbol font `symbols' in version `bold'
(Font)                  OMS/cmsy/b/n --> OMS/pzccm/m/n on input line 33.
LaTeX Font Info:    Redeclaring symbol font `largesymbols' on input line 34.
LaTeX Font Info:    Overwriting symbol font `largesymbols' in version `normal'
(Font)                  OMX/cmex/m/n --> OMX/psycm/m/n on input line 34.
LaTeX Font Info:    Overwriting symbol font `largesymbols' in version `bold'
(Font)                  OMX/cmex/m/n --> OMX/psycm/m/n on input line 34.
\symbold=\mathgroup4
\symitalic=\mathgroup5
LaTeX Font Info:    Redeclaring math alphabet \mathbf on input line 37.
LaTeX Font Info:    Overwriting math alphabet `\mathbf' in version `normal'
(Font)                  OT1/cmr/bx/n --> OT1/ptm/bx/n on input line 37.
LaTeX Font Info:    Overwriting math alphabet `\mathbf' in version `bold'
(Font)                  OT1/cmr/bx/n --> OT1/ptm/bx/n on input line 37.
LaTeX Font Info:    Redeclaring math alphabet \mathit on input line 38.
LaTeX Font Info:    Overwriting math alphabet `\mathit' in version `normal'
(Font)                  OT1/cmr/m/it --> OT1/ptm/m/it on input line 38.
LaTeX Font Info:    Overwriting math alphabet `\mathit' in version `bold'
(Font)                  OT1/cmr/bx/it --> OT1/ptm/m/it on input line 38.
) (C:\Users\Admin\AppData\Local\Programs\MiKTeX\tex/generic/iftex\ifpdf.sty
Package: ifpdf 2019/10/25 v3.4 ifpdf legacy package. Use iftex instead.

(C:\Users\Admin\AppData\Local\Programs\MiKTeX\tex/generic/iftex\iftex.sty
Package: iftex 2020/03/06 v1.0d TeX engine tests
))
Ten Point
LaTeX Font Info:    Trying to load font information for OT1+phv on input line 3
01.
(C:\Users\Admin\AppData\Local\Programs\MiKTeX\tex/latex/psnfss\ot1phv.fd
File: ot1phv.fd 2020/03/25 scalable font definitions for OT1/phv.
)
\c@part=\count179
\c@section=\count180
\c@subsection=\count181
\c@subsubsection=\count182
\c@paragraph=\count183
\c@subparagraph=\count184
\tempbox=\box47
\c@figure=\count185
\c@table=\count186
\@authcnt=\count187
\@tmpcnt=\count188
\bibindent=\dimen138
\tempbox=\box48
\minute=\count189
\hour=\count190
)
(C:\Users\Admin\AppData\Local\Programs\MiKTeX\tex/latex/graphics\epsfig.sty
Package: epsfig 2017/06/25 v1.7b (e)psfig emulation (SPQR)

(C:\Users\Admin\AppData\Local\Programs\MiKTeX\tex/latex/graphics\graphicx.sty
Package: graphicx 2020/09/09 v1.2b Enhanced LaTeX Graphics (DPC,SPQR)

(C:\Users\Admin\AppData\Local\Programs\MiKTeX\tex/latex/graphics\keyval.sty
Package: keyval 2014/10/28 v1.15 key=value parser (DPC)
\KV@toks@=\toks15
)
(C:\Users\Admin\AppData\Local\Programs\MiKTeX\tex/latex/graphics\graphics.sty
Package: graphics 2020/08/30 v1.4c Standard LaTeX Graphics (DPC,SPQR)

(C:\Users\Admin\AppData\Local\Programs\MiKTeX\tex/latex/graphics\trig.sty
Package: trig 2016/01/03 v1.10 sin cos tan (DPC)
)
(C:\Users\Admin\AppData\Local\Programs\MiKTeX\tex/latex/graphics-cfg\graphics.c
fg
File: graphics.cfg 2016/06/04 v1.11 sample graphics configuration
)
Package graphics Info: Driver file: pdftex.def on input line 105.

(C:\Users\Admin\AppData\Local\Programs\MiKTeX\tex/latex/graphics-def\pdftex.def
File: pdftex.def 2020/10/05 v1.2a Graphics/color driver for pdftex
))
\Gin@req@height=\dimen139
\Gin@req@width=\dimen140
)
\epsfxsize=\dimen141
\epsfysize=\dimen142
)
(C:\Users\Admin\AppData\Local\Programs\MiKTeX\tex/latex/caption\caption.sty
Package: caption 2020/10/26 v3.5g Customizing captions (AR)

(C:\Users\Admin\AppData\Local\Programs\MiKTeX\tex/latex/caption\caption3.sty
Package: caption3 2020/10/21 v2.2e caption3 kernel (AR)
\captionmargin=\dimen143
\captionmargin@=\dimen144
\captionwidth=\dimen145
\caption@tempdima=\dimen146
\caption@indent=\dimen147
\caption@parindent=\dimen148
\caption@hangindent=\dimen149
\abovecaptionskip=\skip47
\belowcaptionskip=\skip48
Package caption Info: Unknown document class (or package),
(caption)             standard defaults will be used.
Package caption Info: \@makecaption = \long macro:#1#2-> \par \addvspace {6pt}{
\tensf \setbox \@tempboxa \hbox {\egtsf #1.\quad #2}\ifdim \wd \@tempboxa >\hsi
ze {\egtsf #1.\quad \ignorespaces #2}\par \else \hbox to\hsize {\hfil \box \@te
mpboxa \hfil }\fi } on input line 1139.
)

Package caption Warning: Unknown document class (or package),
(caption)                standard defaults will be used.
See the caption package documentation for explanation.

\c@caption@flags=\count191
\c@continuedfloat=\count192
) (C:\Users\Admin\AppData\Local\Programs\MiKTeX\tex/latex/enumitem\enumitem.sty
Package: enumitem 2019/06/20 v3.9 Customized lists
\labelindent=\skip49
\enit@outerparindent=\dimen150
\enit@toks=\toks16
\enit@inbox=\box49
\enit@count@id=\count193
\enitdp@description=\count194
) (C:\Users\Admin\AppData\Local\Programs\MiKTeX\tex/latex/amsmath\amsmath.sty
Package: amsmath 2020/09/23 v2.17i AMS math features
\@mathmargin=\skip50

For additional information on amsmath, use the `?' option.
(C:\Users\Admin\AppData\Local\Programs\MiKTeX\tex/latex/amsmath\amstext.sty
Package: amstext 2000/06/29 v2.01 AMS text

(C:\Users\Admin\AppData\Local\Programs\MiKTeX\tex/latex/amsmath\amsgen.sty
File: amsgen.sty 1999/11/30 v2.0 generic functions
\@emptytoks=\toks17
\ex@=\dimen151
))
(C:\Users\Admin\AppData\Local\Programs\MiKTeX\tex/latex/amsmath\amsbsy.sty
Package: amsbsy 1999/11/29 v1.2d Bold Symbols
\pmbraise@=\dimen152
)
(C:\Users\Admin\AppData\Local\Programs\MiKTeX\tex/latex/amsmath\amsopn.sty
Package: amsopn 2016/03/08 v2.02 operator names
)
\inf@bad=\count195
LaTeX Info: Redefining \frac on input line 234.
\uproot@=\count196
\leftroot@=\count197
LaTeX Info: Redefining \overline on input line 399.
\classnum@=\count198
\DOTSCASE@=\count199
LaTeX Info: Redefining \ldots on input line 496.
LaTeX Info: Redefining \dots on input line 499.
LaTeX Info: Redefining \cdots on input line 620.
\Mathstrutbox@=\box50
\strutbox@=\box51
\big@size=\dimen153
LaTeX Font Info:    Redeclaring font encoding OML on input line 743.
LaTeX Font Info:    Redeclaring font encoding OMS on input line 744.
\macc@depth=\count266
\c@MaxMatrixCols=\count267
\dotsspace@=\muskip16
\c@parentequation=\count268
\dspbrk@lvl=\count269
\tag@help=\toks18
\row@=\count270
\column@=\count271
\maxfields@=\count272
\andhelp@=\toks19
\eqnshift@=\dimen154
\alignsep@=\dimen155
\tagshift@=\dimen156
\tagwidth@=\dimen157
\totwidth@=\dimen158
\lineht@=\dimen159
\@envbody=\toks20
\multlinegap=\skip51
\multlinetaggap=\skip52
\mathdisplay@stack=\toks21
LaTeX Info: Redefining \[ on input line 2923.
LaTeX Info: Redefining \] on input line 2924.
)
(C:\Users\Admin\AppData\Local\Programs\MiKTeX\tex/latex/relsize\relsize.sty
Package: relsize 2013/03/29 ver 4.1
)
(C:\Users\Admin\AppData\Local\Programs\MiKTeX\tex/latex/float\float.sty
Package: float 2001/11/08 v1.3d Float enhancements (AL)
\c@float@type=\count273
\float@exts=\toks22
\float@box=\box52
\@float@everytoks=\toks23
\@floatcapt=\box53
)
(C:\Users\Admin\AppData\Local\Programs\MiKTeX\tex/latex/psnfss\courier.sty
Package: courier 2020/03/25 PSNFSS-v9.3 (WaS) 
)
LaTeX Font Info:    Trying to load font information for OT1+ptm on input line 4
8.

(C:\Users\Admin\AppData\Local\Programs\MiKTeX\tex/latex/psnfss\ot1ptm.fd
File: ot1ptm.fd 2001/06/04 font definitions for OT1/ptm.
)
(C:\Users\Admin\AppData\Local\Programs\MiKTeX\tex/latex/l3backend\l3backend-pdf
tex.def
File: l3backend-pdftex.def 2021-02-18 L3 backend support: PDF output (pdfTeX)
\l__color_backend_stack_int=\count274
\l__pdf_internal_box=\box54
) (hyperspectral_imaging_paper.aux)
\openout1 = `hyperspectral_imaging_paper.aux'.

LaTeX Font Info:    Checking defaults for OML/cmm/m/it on input line 48.
LaTeX Font Info:    ... okay on input line 48.
LaTeX Font Info:    Checking defaults for OMS/cmsy/m/n on input line 48.
LaTeX Font Info:    ... okay on input line 48.
LaTeX Font Info:    Checking defaults for OT1/cmr/m/n on input line 48.
LaTeX Font Info:    ... okay on input line 48.
LaTeX Font Info:    Checking defaults for T1/cmr/m/n on input line 48.
LaTeX Font Info:    ... okay on input line 48.
LaTeX Font Info:    Checking defaults for TS1/cmr/m/n on input line 48.
LaTeX Font Info:    ... okay on input line 48.
LaTeX Font Info:    Checking defaults for OMX/cmex/m/n on input line 48.
LaTeX Font Info:    ... okay on input line 48.
LaTeX Font Info:    Checking defaults for U/cmr/m/n on input line 48.
LaTeX Font Info:    ... okay on input line 48.

(C:\Users\Admin\AppData\Local\Programs\MiKTeX\tex/context/base/mkii\supp-pdf.mk
ii
[Loading MPS to PDF converter (version 2006.09.02).]
\scratchcounter=\count275
\scratchdimen=\dimen160
\scratchbox=\box55
\nofMPsegments=\count276
\nofMParguments=\count277
\everyMPshowfont=\toks24
\MPscratchCnt=\count278
\MPscratchDim=\dimen161
\MPnumerator=\count279
\makeMPintoPDFobject=\count280
\everyMPtoPDFconversion=\toks25
)
(C:\Users\Admin\AppData\Local\Programs\MiKTeX\tex/latex/epstopdf-pkg\epstopdf-b
ase.sty
Package: epstopdf-base 2020-01-24 v2.11 Base part for package epstopdf
Package epstopdf-base Info: Redefining graphics rule for `.eps' on input line 4
85.
)
Package caption Info: Begin \AtBeginDocument code.
Package caption Info: float package is loaded.
Package caption Info: End \AtBeginDocument code.
LaTeX Font Info:    Trying to load font information for OT1+ptmcm on input line
 50.

(C:\Users\Admin\AppData\Local\Programs\MiKTeX\tex/latex/psnfss\ot1ptmcm.fd
File: ot1ptmcm.fd 2000/01/03 Fontinst v1.801 font definitions for OT1/ptmcm.
)
LaTeX Font Info:    Trying to load font information for OML+ptmcm on input line
 50.

(C:\Users\Admin\AppData\Local\Programs\MiKTeX\tex/latex/psnfss\omlptmcm.fd
File: omlptmcm.fd 2000/01/03 Fontinst v1.801 font definitions for OML/ptmcm.
)
LaTeX Font Info:    Trying to load font information for OMS+pzccm on input line
 50.

(C:\Users\Admin\AppData\Local\Programs\MiKTeX\tex/latex/psnfss\omspzccm.fd
File: omspzccm.fd 2000/01/03 Fontinst v1.801 font definitions for OMS/pzccm.
)
LaTeX Font Info:    Trying to load font information for OMX+psycm on input line
 50.

(C:\Users\Admin\AppData\Local\Programs\MiKTeX\tex/latex/psnfss\omxpsycm.fd
File: omxpsycm.fd 2000/01/03 Fontinst v1.801 font definitions for OMX/psycm.
)
LaTeX Font Info:    Font shape `OT1/ptm/bx/n' in size <10> not available
(Font)              Font shape `OT1/ptm/b/n' tried instead on input line 50.
LaTeX Font Info:    Font shape `OT1/ptm/bx/n' in size <7.4> not available
(Font)              Font shape `OT1/ptm/b/n' tried instead on input line 50.
LaTeX Font Info:    Font shape `OT1/ptm/bx/n' in size <6> not available
(Font)              Font shape `OT1/ptm/b/n' tried instead on input line 50.

Underfull \hbox (badness 10000) detected at line 50
[]
 []


Overfull \hbox (39.74762pt too wide) in paragraph at lines 50--50
 [] 
 []

LaTeX Font Info:    Trying to load font information for TS1+ptm on input line 5
2.
(C:\Users\Admin\AppData\Local\Programs\MiKTeX\tex/latex/psnfss\ts1ptm.fd
File: ts1ptm.fd 2001/06/04 font definitions for TS1/ptm.
)
[1{C:/Users/Admin/AppData/Local/MiKTeX/pdftex/config/pdftex.map}


]
Underfull \hbox (badness 2635) in paragraph at lines 123--124
[] \OT1/ptm/m/n/10 The fi-nal spec-i-fi-ca-tion is the full-width half max
 []


Underfull \hbox (badness 10000) in paragraph at lines 125--126

 []

Package epstopdf Info: Source file: <thorlabs_filter_transmission_spectra.eps>
(epstopdf)                    date: 2021-06-19 12:50:19
(epstopdf)                    size: 55574 bytes
(epstopdf)             Output file: <thorlabs_filter_transmission_spectra-eps-c
onverted-to.pdf>
(epstopdf)                    date: 2021-06-19 12:51:03
(epstopdf)                    size: 11056 bytes
(epstopdf)             Command: <epstopdf --outfile=thorlabs_filter_transmissio
n_spectra-eps-converted-to.pdf thorlabs_filter_transmission_spectra.eps>
(epstopdf)             \includegraphics on input line 141.
Package epstopdf Info: Output file is already uptodate.


pdfTeX warning: miktex-pdftex.exe (file ./thorlabs_filter_transmission_spectra-
eps-converted-to.pdf): PDF inclusion: found PDF version <1.7>, but at most vers
ion <1.5> allowed
<thorlabs_filter_transmission_spectra-eps-converted-to.pdf, id=11, 421.575pt x 
316.18124pt>
File: thorlabs_filter_transmission_spectra-eps-converted-to.pdf Graphic file (t
ype pdf)
<use thorlabs_filter_transmission_spectra-eps-converted-to.pdf>
Package pdftex.def Info: thorlabs_filter_transmission_spectra-eps-converted-to.
pdf  used on input line 141.
(pdftex.def)             Requested size: 247.52496pt x 185.64795pt.

Overfull \hbox (6.14288pt too wide) in paragraph at lines 141--142
 [][] 
 []


Underfull \hbox (badness 10000) in paragraph at lines 152--153

 []

[2]
Underfull \hbox (badness 10000) in paragraph at lines 154--155

 []

LaTeX Font Info:    Font shape `OT1/ptm/bx/n' in size <12> not available
(Font)              Font shape `OT1/ptm/b/n' tried instead on input line 156.
LaTeX Font Info:    Font shape `OT1/ptm/bx/n' in size <9> not available
(Font)              Font shape `OT1/ptm/b/n' tried instead on input line 156.
LaTeX Font Info:    Font shape `OT1/ptm/bx/n' in size <7> not available
(Font)              Font shape `OT1/ptm/b/n' tried instead on input line 156.

Underfull \hbox (badness 10000) in paragraph at lines 156--157

 []


Underfull \hbox (badness 10000) in paragraph at lines 158--159

 []


Underfull \hbox (badness 10000) in paragraph at lines 160--166

 []


Underfull \hbox (badness 1226) in paragraph at lines 169--170
[] \OT1/ptm/m/n/10 The-o-ret-i-cally, sen-si-tiv-ity for all color chan-nels an
d
 []

Package epstopdf Info: Source file: <canon_650d_sensitivity.eps>
(epstopdf)                    date: 2021-06-20 18:36:56
(epstopdf)                    size: 40817 bytes
(epstopdf)             Output file: <canon_650d_sensitivity-eps-converted-to.pd
f>
(epstopdf)                    date: 2021-06-20 18:37:08
(epstopdf)                    size: 9792 bytes
(epstopdf)             Command: <epstopdf --outfile=canon_650d_sensitivity-eps-
converted-to.pdf canon_650d_sensitivity.eps>
(epstopdf)             \includegraphics on input line 175.
Package epstopdf Info: Output file is already uptodate.


pdfTeX warning: miktex-pdftex.exe (file ./canon_650d_sensitivity-eps-converted-
to.pdf): PDF inclusion: found PDF version <1.7>, but at most version <1.5> allo
wed
<canon_650d_sensitivity-eps-converted-to.pdf, id=15, 421.575pt x 316.18124pt>
File: canon_650d_sensitivity-eps-converted-to.pdf Graphic file (type pdf)
<use canon_650d_sensitivity-eps-converted-to.pdf>
Package pdftex.def Info: canon_650d_sensitivity-eps-converted-to.pdf  used on i
nput line 175.
(pdftex.def)             Requested size: 247.52496pt x 185.64795pt.

Overfull \hbox (6.14288pt too wide) in paragraph at lines 175--176
 [][] 
 []

Package epstopdf Info: Source file: <camera_spectral_sensitivities.eps>
(epstopdf)                    date: 2021-06-20 18:33:21
(epstopdf)                    size: 76575 bytes
(epstopdf)             Output file: <camera_spectral_sensitivities-eps-converte
d-to.pdf>
(epstopdf)                    date: 2021-06-20 18:33:25
(epstopdf)                    size: 15980 bytes
(epstopdf)             Command: <epstopdf --outfile=camera_spectral_sensitiviti
es-eps-converted-to.pdf camera_spectral_sensitivities.eps>
(epstopdf)             \includegraphics on input line 182.
Package epstopdf Info: Output file is already uptodate.


pdfTeX warning: miktex-pdftex.exe (file ./camera_spectral_sensitivities-eps-con
verted-to.pdf): PDF inclusion: found PDF version <1.7>, but at most version <1.
5> allowed
<camera_spectral_sensitivities-eps-converted-to.pdf, id=16, 421.575pt x 316.181
24pt>
File: camera_spectral_sensitivities-eps-converted-to.pdf Graphic file (type pdf
)
<use camera_spectral_sensitivities-eps-converted-to.pdf>
Package pdftex.def Info: camera_spectral_sensitivities-eps-converted-to.pdf  us
ed on input line 182.
(pdftex.def)             Requested size: 247.52496pt x 185.64795pt.

Overfull \hbox (6.14288pt too wide) in paragraph at lines 182--183
 [][] 
 []

<canon_40_mm_prime_lens.jpg, id=17, 223.58531pt x 338.76563pt>
File: canon_40_mm_prime_lens.jpg Graphic file (type jpg)
<use canon_40_mm_prime_lens.jpg>
Package pdftex.def Info: canon_40_mm_prime_lens.jpg  used on input line 200.
(pdftex.def)             Requested size: 99.00847pt x 150.01361pt.
LaTeX Font Info:    Trying to load font information for OT1+pcr on input line 2
05.
(C:\Users\Admin\AppData\Local\Programs\MiKTeX\tex/latex/psnfss\ot1pcr.fd
File: ot1pcr.fd 2001/06/04 font definitions for OT1/pcr.
)
Underfull \hbox (badness 10000) in paragraph at lines 205--206

 []

[3 <./thorlabs_filter_transmission_spectra-eps-converted-to.pdf> <./canon_650d_
sensitivity-eps-converted-to.pdf> <./camera_spectral_sensitivities-eps-converte
d-to.pdf>]
Underfull \hbox (badness 10000) in paragraph at lines 207--213

 []


Underfull \hbox (badness 1325) in paragraph at lines 218--219
[]\OT1/ptm/m/n/10 By re-ar-rang-ing the gen-eral ex-pres-sion of sen-si-tiv-ity
 in
 []


Underfull \hbox (badness 10000) in paragraph at lines 218--219

 []


Underfull \hbox (badness 10000) in paragraph at lines 220--221

 []


Underfull \hbox (badness 1354) in paragraph at lines 222--223
\OT1/ptm/m/n/10 trans-mis-sion $\OML/ptmcm/m/it/10 T$ \OT1/ptm/m/n/10 is ac-cou
nted for as a fac-tor act-ing on
 []


Underfull \hbox (badness 10000) in paragraph at lines 222--223

 []


Underfull \hbox (badness 10000) in paragraph at lines 224--225

 []


Underfull \hbox (badness 10000) in paragraph at lines 226--227

 []


Underfull \hbox (badness 10000) in paragraph at lines 228--229

 []


Underfull \hbox (badness 10000) in paragraph at lines 230--231

 []


Underfull \hbox (badness 10000) in paragraph at lines 232--233

 []


Underfull \hbox (badness 10000) in paragraph at lines 234--235

 []


Underfull \hbox (badness 10000) in paragraph at lines 236--237

 []


Underfull \hbox (badness 10000) in paragraph at lines 238--239

 []


Underfull \hbox (badness 10000) in paragraph at lines 240--241

 []


Underfull \hbox (badness 10000) in paragraph at lines 258--259

 []


Underfull \hbox (badness 10000) in paragraph at lines 260--262

 []

[4 <./canon_40_mm_prime_lens.jpg>] [5

]
<colorchecker_mesh.png, id=47, 1204.5pt x 803.0pt>
File: colorchecker_mesh.png Graphic file (type png)
<use colorchecker_mesh.png>
Package pdftex.def Info: colorchecker_mesh.png  used on input line 277.
(pdftex.def)             Requested size: 334.15163pt x 222.77095pt.
Package epstopdf Info: Source file: <colorchecker_SPDs.eps>
(epstopdf)                    date: 2021-06-20 23:36:41
(epstopdf)                    size: 42895 bytes
(epstopdf)             Output file: <colorchecker_SPDs-eps-converted-to.pdf>
(epstopdf)                    date: 2021-06-20 23:36:50
(epstopdf)                    size: 14529 bytes
(epstopdf)             Command: <epstopdf --outfile=colorchecker_SPDs-eps-conve
rted-to.pdf colorchecker_SPDs.eps>
(epstopdf)             \includegraphics on input line 285.
Package epstopdf Info: Output file is already uptodate.


pdfTeX warning: miktex-pdftex.exe (file ./colorchecker_SPDs-eps-converted-to.pd
f): PDF inclusion: found PDF version <1.7>, but at most version <1.5> allowed
<colorchecker_SPDs-eps-converted-to.pdf, id=48, 421.575pt x 301.125pt>
File: colorchecker_SPDs-eps-converted-to.pdf Graphic file (type pdf)
<use colorchecker_SPDs-eps-converted-to.pdf>
Package pdftex.def Info: colorchecker_SPDs-eps-converted-to.pdf  used on input 
line 285.
(pdftex.def)             Requested size: 415.88744pt x 297.03297pt.
[6


 <./colorchecker_mesh.png (PNG copy)> <./colorchecker_SPDs-eps-converted-to.pdf
>]
<tomato_bottle_broccoli_mesh.png, id=57, 1204.5pt x 803.0pt>
File: tomato_bottle_broccoli_mesh.png Graphic file (type png)
<use tomato_bottle_broccoli_mesh.png>
Package pdftex.def Info: tomato_bottle_broccoli_mesh.png  used on input line 29
6.
(pdftex.def)             Requested size: 334.15163pt x 222.77095pt.
Package epstopdf Info: Source file: <tomato_bottle_broccoli_SPDs.eps>
(epstopdf)                    date: 2021-06-20 23:44:41
(epstopdf)                    size: 29693 bytes
(epstopdf)             Output file: <tomato_bottle_broccoli_SPDs-eps-converted-
to.pdf>
(epstopdf)                    date: 2021-06-20 23:46:58
(epstopdf)                    size: 10580 bytes
(epstopdf)             Command: <epstopdf --outfile=tomato_bottle_broccoli_SPDs
-eps-converted-to.pdf tomato_bottle_broccoli_SPDs.eps>
(epstopdf)             \includegraphics on input line 304.
Package epstopdf Info: Output file is already uptodate.


pdfTeX warning: miktex-pdftex.exe (file ./tomato_bottle_broccoli_SPDs-eps-conve
rted-to.pdf): PDF inclusion: found PDF version <1.7>, but at most version <1.5>
 allowed
<tomato_bottle_broccoli_SPDs-eps-converted-to.pdf, id=58, 422.57875pt x 301.125
pt>
File: tomato_bottle_broccoli_SPDs-eps-converted-to.pdf Graphic file (type pdf)
<use tomato_bottle_broccoli_SPDs-eps-converted-to.pdf>
Package pdftex.def Info: tomato_bottle_broccoli_SPDs-eps-converted-to.pdf  used
 on input line 304.
(pdftex.def)             Requested size: 416.87766pt x 297.03297pt.
[7

 <./tomato_bottle_broccoli_mesh.png (PNG copy)> <./tomato_bottle_broccoli_SPDs-
eps-converted-to.pdf>]
Package epstopdf Info: Source file: <colorchecker_reconstruction.eps>
(epstopdf)                    date: 2021-06-20 21:59:50
(epstopdf)                    size: 78016 bytes
(epstopdf)             Output file: <colorchecker_reconstruction-eps-converted-
to.pdf>
(epstopdf)                    date: 2021-06-20 22:00:02
(epstopdf)                    size: 14403 bytes
(epstopdf)             Command: <epstopdf --outfile=colorchecker_reconstruction
-eps-converted-to.pdf colorchecker_reconstruction.eps>
(epstopdf)             \includegraphics on input line 317.
Package epstopdf Info: Output file is already uptodate.


pdfTeX warning: miktex-pdftex.exe (file ./colorchecker_reconstruction-eps-conve
rted-to.pdf): PDF inclusion: found PDF version <1.7>, but at most version <1.5>
 allowed
<colorchecker_reconstruction-eps-converted-to.pdf, id=68, 752.8125pt x 451.6875
pt>
File: colorchecker_reconstruction-eps-converted-to.pdf Graphic file (type pdf)
<use colorchecker_reconstruction-eps-converted-to.pdf>
Package pdftex.def Info: colorchecker_reconstruction-eps-converted-to.pdf  used
 on input line 317.
(pdftex.def)             Requested size: 445.5419pt x 267.33415pt.
Package epstopdf Info: Source file: <SPD_validation.eps>
(epstopdf)                    date: 2021-06-20 21:38:36
(epstopdf)                    size: 89196 bytes
(epstopdf)             Output file: <SPD_validation-eps-converted-to.pdf>
(epstopdf)                    date: 2021-06-20 21:38:42
(epstopdf)                    size: 18956 bytes
(epstopdf)             Command: <epstopdf --outfile=SPD_validation-eps-converte
d-to.pdf SPD_validation.eps>
(epstopdf)             \includegraphics on input line 327.
Package epstopdf Info: Output file is already uptodate.


pdfTeX warning: miktex-pdftex.exe (file ./SPD_validation-eps-converted-to.pdf):
 PDF inclusion: found PDF version <1.7>, but at most version <1.5> allowed
<SPD_validation-eps-converted-to.pdf, id=69, 753.81625pt x 451.6875pt>
File: SPD_validation-eps-converted-to.pdf Graphic file (type pdf)
<use SPD_validation-eps-converted-to.pdf>
Package pdftex.def Info: SPD_validation-eps-converted-to.pdf  used on input lin
e 327.
(pdftex.def)             Requested size: 445.5419pt x 266.96887pt.
[8

 <./colorchecker_reconstruction-eps-converted-to.pdf> <./SPD_validation-eps-con
verted-to.pdf>] [9]
Underfull \hbox (badness 1365) in paragraph at lines 383--384
[]\OT1/ptm/m/n/10 J. Jiang, D. Liu, J. Gu and S. S[]usstrunk, "What is the spac
e of spec-tral sen-si-tiv-ity func-tions for dig-i-tal
 []


Underfull \hbox (badness 2293) in paragraph at lines 392--393
\OT1/ptm/m/n/10 tral imag-ing us-ing a prism. ACM Trans. Graph. 36, 6, Ar-ti-cl
e 217 (Novem-ber 2017), 12 pages. DOI:
 []

[10

] (hyperspectral_imaging_paper.aux) ) 
Here is how much of TeX's memory you used:
 4063 strings out of 479334
 67068 string characters out of 2857084
 369000 words of memory out of 3000000
 21449 multiletter control sequences out of 15000+200000
 442073 words of font info for 98 fonts, out of 3000000 for 9000
 1141 hyphenation exceptions out of 8191
 83i,10n,88p,1734b,418s stack positions out of 5000i,500n,10000p,200000b,50000s
{C:/Users/Admin/AppData/Local/Programs/MiK
TeX/fonts/enc/dvips/base/8r.enc}<C:/Users/Admin/AppData/Local/Programs/MiKTeX/f
onts/type1/public/amsfonts/cm/cmex10.pfb><C:/Users/Admin/AppData/Local/Programs
/MiKTeX/fonts/type1/public/amsfonts/cm/cmmi10.pfb><C:/Users/Admin/AppData/Local
/Programs/MiKTeX/fonts/type1/public/amsfonts/cm/cmr10.pfb><C:/Users/Admin/AppDa
ta/Local/Programs/MiKTeX/fonts/type1/public/amsfonts/cm/cmsy10.pfb><C:/Users/Ad
min/AppData/Local/Programs/MiKTeX/fonts/type1/urw/courier/ucrr8a.pfb><C:/Users/
Admin/AppData/Local/Programs/MiKTeX/fonts/type1/urw/helvetic/uhvb8a.pfb><C:/Use
rs/Admin/AppData/Local/Programs/MiKTeX/fonts/type1/urw/helvetic/uhvr8a.pfb><C:/
Users/Admin/AppData/Local/Programs/MiKTeX/fonts/type1/urw/symbol/usyr.pfb><C:/U
sers/Admin/AppData/Local/Programs/MiKTeX/fonts/type1/urw/times/utmb8a.pfb><C:/U
sers/Admin/AppData/Local/Programs/MiKTeX/fonts/type1/urw/times/utmr8a.pfb><C:/U
sers/Admin/AppData/Local/Programs/MiKTeX/fonts/type1/urw/times/utmri8a.pfb>
Output written on hyperspectral_imaging_paper.pdf (10 pages, 2941866 bytes).
PDF statistics:
 125 PDF objects out of 1000 (max. 8388607)
 0 named destinations out of 1000 (max. 500000)
 51 words of extra memory for PDF output out of 10000 (max. 10000000)

